<?xml version="1.0" encoding="UTF-8"?>
<!-- Generated by org.testng.reporters.JUnitXMLReporter -->
<testsuite hostname="TNQ-BCP-400" ignored="0" name="TestThree" tests="1" failures="1" timestamp="01 Jun 2020 19:44:52 GMT" time="0.011" errors="0">
  <testcase name="@AfterClass tearDown" time="0.001" classname="testCases.UploadDetailsPage">
    <failure type="java.lang.NullPointerException">
      <![CDATA[java.lang.NullPointerException
	at utility.BrowserFactory.quitBrowser(BrowserFactory.java:42)
	at testCases.UploadDetailsPage.tearDown(UploadDetailsPage.java:41)
... Removed 25 stack frames]]>
    </failure>
  </testcase> <!-- @AfterClass tearDown -->
  <testcase name="uploadDetails" time="0.0" classname="testCases.UploadDetailsPage">
    <failure type="java.lang.NullPointerException">
      <![CDATA[java.lang.NullPointerException
	at testCases.UploadDetailsPage.uploadDetails(UploadDetailsPage.java:23)
... Removed 25 stack frames]]>
    </failure>
  </testcase> <!-- uploadDetails -->
</testsuite> <!-- TestThree -->
