<?xml version="1.0" encoding="UTF-8"?>
<!-- Generated by org.testng.reporters.JUnitXMLReporter -->
<testsuite hostname="TNQ-BCP-400" ignored="0" name="TestTwo" tests="1" failures="1" timestamp="01 Jun 2020 19:44:52 GMT" time="0.035" errors="0">
  <testcase name="dailyUploadPage" time="0.004" classname="testCases.ReportsLink">
    <failure type="java.lang.NullPointerException">
      <![CDATA[java.lang.NullPointerException
	at testCases.ReportsLink.dailyUploadPage(ReportsLink.java:13)
... Removed 25 stack frames]]>
    </failure>
  </testcase> <!-- dailyUploadPage -->
</testsuite> <!-- TestTwo -->
