<?xml version="1.0" encoding="UTF-8"?>
<testng-results skipped="0" failed="0" ignored="0" total="1" passed="1">
  <reporter-output>
  </reporter-output>
  <suite name="Default suite" duration-ms="104359" started-at="2020-07-01T20:16:24Z" finished-at="2020-07-01T20:18:09Z">
    <groups>
    </groups>
    <test name="Default test" duration-ms="104359" started-at="2020-07-01T20:16:24Z" finished-at="2020-07-01T20:18:09Z">
      <class name="tests.LoginTest">
        <test-method status="PASS" signature="loginTest()[pri:0, instance:tests.LoginTest@ae45eb6]" name="loginTest" duration-ms="104293" started-at="2020-07-02T01:46:24Z" finished-at="2020-07-02T01:48:09Z">
          <reporter-output>
          </reporter-output>
        </test-method> <!-- loginTest -->
      </class> <!-- tests.LoginTest -->
    </test> <!-- Default test -->
  </suite> <!-- Default suite -->
</testng-results>
