<?xml version="1.0" encoding="UTF-8"?>
<testng-results skipped="0" failed="0" ignored="0" total="1" passed="1">
  <reporter-output>
  </reporter-output>
  <suite name="Default suite" duration-ms="26859" started-at="2020-06-29T19:32:26Z" finished-at="2020-06-29T19:32:53Z">
    <groups>
    </groups>
    <test name="Default test" duration-ms="26859" started-at="2020-06-29T19:32:26Z" finished-at="2020-06-29T19:32:53Z">
      <class name="tests.LoginTest">
        <test-method status="PASS" signature="loginTest()[pri:0, instance:tests.LoginTest@ae45eb6]" name="loginTest" duration-ms="26842" started-at="2020-06-30T01:02:26Z" finished-at="2020-06-30T01:02:53Z">
          <reporter-output>
          </reporter-output>
        </test-method> <!-- loginTest -->
      </class> <!-- tests.LoginTest -->
    </test> <!-- Default test -->
  </suite> <!-- Default suite -->
</testng-results>
